<?xml version="1.0" encoding="UTF-8"?>
<!-- Generated by org.testng.reporters.JUnitXMLReporter -->
<testsuite ignored="0" hostname="LAPTOP-S2UPK277" failures="0" tests="3" name="Default test" time="11.532" errors="0" timestamp="2026-03-14T07:41:28 IST">
  <testcase classname="testcases.HomePageTest" name="searchProductTest" time="7.041"/>
  <testcase classname="testcases.HomePageTest" name="isHomePageDisplayedTest" time="0.093"/>
  <testcase classname="testcases.HomePageTest" name="selectProductAndClickTest" time="0.941"/>
</testsuite> <!-- Default test -->
