<?xml version="1.0" encoding="UTF-8"?>
<!-- Generated by org.testng.reporters.JUnitXMLReporter -->
<testsuite ignored="2" hostname="LAPTOP-S2UPK277" failures="1" tests="3" name="Test" time="14.763" errors="0" timestamp="2026-03-14T07:24:59 IST">
  <testcase classname="testcases.HomePageTest" name="searchProductTest" time="4.564"/>
  <testcase classname="testcases.HomePageTest" name="isHomePageDisplayedTest" time="1.161"/>
  <testcase classname="testcases.ProductPageTest" name="selectProductAndClickTest" time="2.399">
    <failure type="java.lang.NullPointerException" message="Cannot invoke &amp;quot;org.openqa.selenium.WebDriver.getCurrentUrl()&amp;quot; because &amp;quot;this.driver&amp;quot; is null">
      <![CDATA[java.lang.NullPointerException: Cannot invoke "org.openqa.selenium.WebDriver.getCurrentUrl()" because "this.driver" is null
at testcases.ProductPageTest.selectProductAndClickTest(ProductPageTest.java:21)
at java.base/java.util.ArrayList.forEach(ArrayList.java:1596)
... Removed 25 stack frames]]>
    </failure>
  </testcase> <!-- selectProductAndClickTest -->
  <testcase classname="base.BaseTest" name="@AfterSuite tearDown" time="0.0">
    <ignored/>
  </testcase> <!-- @AfterSuite tearDown -->
  <testcase classname="base.BaseTest" name="@BeforeSuite setup" time="0.0">
    <ignored/>
  </testcase> <!-- @BeforeSuite setup -->
</testsuite> <!-- Test -->
