<?xml version="1.0" encoding="UTF-8"?>
<testng-results ignored="0" total="3" passed="3" failed="0" skipped="0">
  <reporter-output>
  </reporter-output>
  <suite started-at="2026-03-14T07:41:16 IST" name="Default suite" finished-at="2026-03-14T07:41:27 IST" duration-ms="11532">
    <groups>
    </groups>
    <test started-at="2026-03-14T07:41:16 IST" name="Default test" finished-at="2026-03-14T07:41:27 IST" duration-ms="11532">
      <class name="testcases.HomePageTest">
        <test-method is-config="true" signature="setup()[pri:0, instance:testcases.HomePageTest@1ce24091]" started-at="2026-03-14T07:41:06 IST" name="setup" finished-at="2026-03-14T07:41:16 IST" duration-ms="9535" status="PASS">
          <reporter-output>
          </reporter-output>
        </test-method> <!-- setup -->
        <test-method is-config="true" signature="initPage()[pri:0, instance:testcases.HomePageTest@1ce24091]" started-at="2026-03-14T07:41:17 IST" name="initPage" finished-at="2026-03-14T07:41:17 IST" duration-ms="73" status="PASS">
          <reporter-output>
          </reporter-output>
        </test-method> <!-- initPage -->
        <test-method signature="searchProductTest()[pri:1, instance:testcases.HomePageTest@1ce24091]" started-at="2026-03-14T07:41:17 IST" name="searchProductTest" finished-at="2026-03-14T07:41:24 IST" duration-ms="7041" status="PASS">
          <reporter-output>
          </reporter-output>
        </test-method> <!-- searchProductTest -->
        <test-method signature="isHomePageDisplayedTest()[pri:2, instance:testcases.HomePageTest@1ce24091]" started-at="2026-03-14T07:41:25 IST" name="isHomePageDisplayedTest" finished-at="2026-03-14T07:41:25 IST" duration-ms="93" status="PASS">
          <reporter-output>
          </reporter-output>
        </test-method> <!-- isHomePageDisplayedTest -->
        <test-method signature="selectProductAndClickTest()[pri:3, instance:testcases.HomePageTest@1ce24091]" started-at="2026-03-14T07:41:25 IST" name="selectProductAndClickTest" finished-at="2026-03-14T07:41:26 IST" duration-ms="941" status="PASS">
          <reporter-output>
          </reporter-output>
        </test-method> <!-- selectProductAndClickTest -->
        <test-method is-config="true" signature="tearDown()[pri:0, instance:testcases.HomePageTest@1ce24091]" started-at="2026-03-14T07:41:33 IST" name="tearDown" finished-at="2026-03-14T07:41:37 IST" duration-ms="4091" status="PASS">
          <reporter-output>
          </reporter-output>
        </test-method> <!-- tearDown -->
      </class> <!-- testcases.HomePageTest -->
    </test> <!-- Default test -->
  </suite> <!-- Default suite -->
</testng-results>
