<?xml version="1.0" encoding="UTF-8"?>
<!-- Generated by org.testng.reporters.JUnitReportReporter -->
<testsuite hostname="LAPTOP-S2UPK277" failures="0" tests="3" name="testcases.HomePageTest" time="8.075" errors="0" timestamp="2026-03-14T07:41:37 IST" skipped="0">
  <testcase classname="testcases.HomePageTest" name="searchProductTest" time="7.041"/>
  <testcase classname="testcases.HomePageTest" name="isHomePageDisplayedTest" time="0.093"/>
  <testcase classname="testcases.HomePageTest" name="selectProductAndClickTest" time="0.941"/>
</testsuite> <!-- testcases.HomePageTest -->
